<?xml version="1.0" encoding="UTF-8"?>
<!-- Generated by org.testng.reporters.JUnitReportReporter -->
<testsuite hostname="IN-PG02NKGP" failures="0" tests="6" name="runner.Runner" time="96.217" errors="0" timestamp="22 Mar 2022 14:15:41 GMT" skipped="0">
  <testcase classname="runner.Runner" name="runScenario" time="11.924"/>
  <testcase classname="runner.Runner" name="runScenario" time="14.545"/>
  <testcase classname="runner.Runner" name="runScenario" time="28.552"/>
  <testcase classname="runner.Runner" name="runScenario" time="12.049"/>
  <testcase classname="runner.Runner" name="runScenario" time="12.847"/>
  <testcase classname="runner.Runner" name="runScenario" time="16.300"/>
</testsuite> <!-- runner.Runner -->
