<?xml version="1.0" encoding="UTF-8"?>
<!-- Generated by org.testng.reporters.JUnitReportReporter -->
<testsuite hostname="IN-PG02NKGP" failures="0" tests="6" name="runner.Runner" time="80.731" errors="0" timestamp="22 Mar 2022 07:24:26 GMT" skipped="0">
  <testcase classname="runner.Runner" name="runScenario" time="12.058"/>
  <testcase classname="runner.Runner" name="runScenario" time="13.423"/>
  <testcase classname="runner.Runner" name="runScenario" time="12.786"/>
  <testcase classname="runner.Runner" name="runScenario" time="17.264"/>
  <testcase classname="runner.Runner" name="runScenario" time="11.227"/>
  <testcase classname="runner.Runner" name="runScenario" time="13.973"/>
</testsuite> <!-- runner.Runner -->
